<?xml version="1.0" encoding="UTF-8"?>
<testsuite xmlns:xsi="http://www.w3.org/2001/XMLSchema-instance" xsi:noNamespaceSchemaLocation="https://maven.apache.org/surefire/maven-surefire-plugin/xsd/surefire-test-report.xsd" name="au.com.thewindmills.javaprotogen.AppTest" time="0.024" tests="1" errors="0" skipped="0" failures="0">
  <properties>
    <property name="awt.toolkit" value="sun.awt.X11.XToolkit"/>
    <property name="java.specification.version" value="11"/>
    <property name="sun.cpu.isalist" value=""/>
    <property name="sun.jnu.encoding" value="UTF-8"/>
    <property name="java.class.path" value="/home/dmills/Work/testing/javaprotos/javaprotogen/target/test-classes:/home/dmills/Work/testing/javaprotos/javaprotogen/target/classes:/home/dmills/.m2/repository/junit/junit/4.11/junit-4.11.jar:/home/dmills/.m2/repository/org/hamcrest/hamcrest-core/1.3/hamcrest-core-1.3.jar:/home/dmills/.m2/repository/io/quarkus/quarkus-grpc/2.7.3.Final/quarkus-grpc-2.7.3.Final.jar:/home/dmills/.m2/repository/jakarta/annotation/jakarta.annotation-api/1.3.5/jakarta.annotation-api-1.3.5.jar:/home/dmills/.m2/repository/io/quarkus/quarkus-grpc-common/2.7.3.Final/quarkus-grpc-common-2.7.3.Final.jar:/home/dmills/.m2/repository/com/google/code/findbugs/jsr305/3.0.2/jsr305-3.0.2.jar:/home/dmills/.m2/repository/io/vertx/vertx-grpc/4.2.5/vertx-grpc-4.2.5.jar:/home/dmills/.m2/repository/io/grpc/grpc-netty/1.43.2/grpc-netty-1.43.2.jar:/home/dmills/.m2/repository/io/grpc/grpc-core/1.43.2/grpc-core-1.43.2.jar:/home/dmills/.m2/repository/com/google/code/gson/gson/2.9.0/gson-2.9.0.jar:/home/dmills/.m2/repository/io/perfmark/perfmark-api/0.23.0/perfmark-api-0.23.0.jar:/home/dmills/.m2/repository/io/grpc/grpc-protobuf/1.43.2/grpc-protobuf-1.43.2.jar:/home/dmills/.m2/repository/com/google/protobuf/protobuf-java/3.19.3/protobuf-java-3.19.3.jar:/home/dmills/.m2/repository/com/google/api/grpc/proto-google-common-protos/2.0.1/proto-google-common-protos-2.0.1.jar:/home/dmills/.m2/repository/io/grpc/grpc-protobuf-lite/1.43.2/grpc-protobuf-lite-1.43.2.jar:/home/dmills/.m2/repository/io/quarkus/quarkus-vertx/2.7.3.Final/quarkus-vertx-2.7.3.Final.jar:/home/dmills/.m2/repository/io/netty/netty-codec-haproxy/4.1.74.Final/netty-codec-haproxy-4.1.74.Final.jar:/home/dmills/.m2/repository/io/smallrye/reactive/smallrye-mutiny-vertx-core/2.18.1/smallrye-mutiny-vertx-core-2.18.1.jar:/home/dmills/.m2/repository/io/smallrye/reactive/smallrye-mutiny-vertx-runtime/2.18.1/smallrye-mutiny-vertx-runtime-2.18.1.jar:/home/dmills/.m2/repository/io/smallrye/reactive/vertx-mutiny-generator/2.18.1/vertx-mutiny-generator-2.18.1.jar:/home/dmills/.m2/repository/io/vertx/vertx-codegen/4.2.5/vertx-codegen-4.2.5.jar:/home/dmills/.m2/repository/io/smallrye/smallrye-fault-tolerance-vertx/5.2.1/smallrye-fault-tolerance-vertx-5.2.1.jar:/home/dmills/.m2/repository/io/quarkus/quarkus-core/2.7.3.Final/quarkus-core-2.7.3.Final.jar:/home/dmills/.m2/repository/jakarta/enterprise/jakarta.enterprise.cdi-api/2.0.2/jakarta.enterprise.cdi-api-2.0.2.jar:/home/dmills/.m2/repository/jakarta/el/jakarta.el-api/3.0.3/jakarta.el-api-3.0.3.jar:/home/dmills/.m2/repository/jakarta/inject/jakarta.inject-api/1.0/jakarta.inject-api-1.0.jar:/home/dmills/.m2/repository/io/quarkus/quarkus-ide-launcher/2.7.3.Final/quarkus-ide-launcher-2.7.3.Final.jar:/home/dmills/.m2/repository/io/quarkus/quarkus-development-mode-spi/2.7.3.Final/quarkus-development-mode-spi-2.7.3.Final.jar:/home/dmills/.m2/repository/io/smallrye/config/smallrye-config/2.9.1/smallrye-config-2.9.1.jar:/home/dmills/.m2/repository/io/smallrye/config/smallrye-config-core/2.9.1/smallrye-config-core-2.9.1.jar:/home/dmills/.m2/repository/io/smallrye/common/smallrye-common-expression/1.10.0/smallrye-common-expression-1.10.0.jar:/home/dmills/.m2/repository/io/smallrye/common/smallrye-common-function/1.10.0/smallrye-common-function-1.10.0.jar:/home/dmills/.m2/repository/io/smallrye/common/smallrye-common-classloader/1.10.0/smallrye-common-classloader-1.10.0.jar:/home/dmills/.m2/repository/io/smallrye/config/smallrye-config-common/2.9.1/smallrye-config-common-2.9.1.jar:/home/dmills/.m2/repository/org/jboss/logging/jboss-logging/3.4.3.Final/jboss-logging-3.4.3.Final.jar:/home/dmills/.m2/repository/org/jboss/logmanager/jboss-logmanager-embedded/1.0.9/jboss-logmanager-embedded-1.0.9.jar:/home/dmills/.m2/repository/org/jboss/logging/jboss-logging-annotations/2.2.1.Final/jboss-logging-annotations-2.2.1.Final.jar:/home/dmills/.m2/repository/org/jboss/threads/jboss-threads/3.4.2.Final/jboss-threads-3.4.2.Final.jar:/home/dmills/.m2/repository/org/slf4j/slf4j-api/1.7.33/slf4j-api-1.7.33.jar:/home/dmills/.m2/repository/org/jboss/slf4j/slf4j-jboss-logmanager/1.1.0.Final/slf4j-jboss-logmanager-1.1.0.Final.jar:/home/dmills/.m2/repository/org/graalvm/sdk/graal-sdk/21.3.1/graal-sdk-21.3.1.jar:/home/dmills/.m2/repository/org/wildfly/common/wildfly-common/1.5.4.Final-format-001/wildfly-common-1.5.4.Final-format-001.jar:/home/dmills/.m2/repository/io/quarkus/quarkus-bootstrap-runner/2.7.3.Final/quarkus-bootstrap-runner-2.7.3.Final.jar:/home/dmills/.m2/repository/io/smallrye/common/smallrye-common-io/1.10.0/smallrye-common-io-1.10.0.jar:/home/dmills/.m2/repository/io/quarkus/quarkus-fs-util/0.0.9/quarkus-fs-util-0.0.9.jar:/home/dmills/.m2/repository/io/quarkus/quarkus-arc/2.7.3.Final/quarkus-arc-2.7.3.Final.jar:/home/dmills/.m2/repository/io/quarkus/arc/arc/2.7.3.Final/arc-2.7.3.Final.jar:/home/dmills/.m2/repository/org/eclipse/microprofile/context-propagation/microprofile-context-propagation-api/1.2/microprofile-context-propagation-api-1.2.jar:/home/dmills/.m2/repository/io/quarkus/security/quarkus-security/1.1.4.Final/quarkus-security-1.1.4.Final.jar:/home/dmills/.m2/repository/io/smallrye/reactive/mutiny/1.3.1/mutiny-1.3.1.jar:/home/dmills/.m2/repository/org/reactivestreams/reactive-streams/1.0.3/reactive-streams-1.0.3.jar:/home/dmills/.m2/repository/io/quarkus/quarkus-smallrye-stork/2.7.3.Final/quarkus-smallrye-stork-2.7.3.Final.jar:/home/dmills/.m2/repository/io/smallrye/stork/stork-microprofile-config/1.0.0/stork-microprofile-config-1.0.0.jar:/home/dmills/.m2/repository/io/smallrye/stork/stork-core/1.0.0/stork-core-1.0.0.jar:/home/dmills/.m2/repository/io/smallrye/stork/stork-api/1.0.0/stork-api-1.0.0.jar:/home/dmills/.m2/repository/org/eclipse/microprofile/config/microprofile-config-api/2.0.1/microprofile-config-api-2.0.1.jar:/home/dmills/.m2/repository/io/quarkus/quarkus-grpc-stubs/2.7.3.Final/quarkus-grpc-stubs-2.7.3.Final.jar:/home/dmills/.m2/repository/io/grpc/grpc-stub/1.43.2/grpc-stub-1.43.2.jar:/home/dmills/.m2/repository/io/grpc/grpc-api/1.43.2/grpc-api-1.43.2.jar:/home/dmills/.m2/repository/io/grpc/grpc-context/1.43.2/grpc-context-1.43.2.jar:/home/dmills/.m2/repository/com/google/guava/guava/30.1.1-jre/guava-30.1.1-jre.jar:/home/dmills/.m2/repository/com/google/guava/failureaccess/1.0.1/failureaccess-1.0.1.jar:/home/dmills/.m2/repository/com/google/j2objc/j2objc-annotations/1.3/j2objc-annotations-1.3.jar:/home/dmills/.m2/repository/com/google/errorprone/error_prone_annotations/2.10.0/error_prone_annotations-2.10.0.jar:/home/dmills/.m2/repository/io/quarkus/quarkus-mutiny/2.7.3.Final/quarkus-mutiny-2.7.3.Final.jar:/home/dmills/.m2/repository/io/quarkus/quarkus-smallrye-context-propagation/2.7.3.Final/quarkus-smallrye-context-propagation-2.7.3.Final.jar:/home/dmills/.m2/repository/io/smallrye/smallrye-context-propagation/1.2.2/smallrye-context-propagation-1.2.2.jar:/home/dmills/.m2/repository/io/smallrye/smallrye-context-propagation-api/1.2.2/smallrye-context-propagation-api-1.2.2.jar:/home/dmills/.m2/repository/io/smallrye/smallrye-context-propagation-storage/1.2.2/smallrye-context-propagation-storage-1.2.2.jar:/home/dmills/.m2/repository/io/smallrye/reactive/mutiny-smallrye-context-propagation/1.3.1/mutiny-smallrye-context-propagation-1.3.1.jar:/home/dmills/.m2/repository/io/smallrye/common/smallrye-common-annotation/1.10.0/smallrye-common-annotation-1.10.0.jar:/home/dmills/.m2/repository/io/smallrye/common/smallrye-common-vertx-context/1.10.0/smallrye-common-vertx-context-1.10.0.jar:/home/dmills/.m2/repository/io/vertx/vertx-core/4.2.5/vertx-core-4.2.5.jar:/home/dmills/.m2/repository/io/netty/netty-common/4.1.74.Final/netty-common-4.1.74.Final.jar:/home/dmills/.m2/repository/io/netty/netty-buffer/4.1.74.Final/netty-buffer-4.1.74.Final.jar:/home/dmills/.m2/repository/io/netty/netty-transport/4.1.74.Final/netty-transport-4.1.74.Final.jar:/home/dmills/.m2/repository/io/netty/netty-handler/4.1.74.Final/netty-handler-4.1.74.Final.jar:/home/dmills/.m2/repository/io/netty/netty-tcnative-classes/2.0.48.Final/netty-tcnative-classes-2.0.48.Final.jar:/home/dmills/.m2/repository/io/netty/netty-handler-proxy/4.1.74.Final/netty-handler-proxy-4.1.74.Final.jar:/home/dmills/.m2/repository/io/netty/netty-codec-socks/4.1.74.Final/netty-codec-socks-4.1.74.Final.jar:/home/dmills/.m2/repository/io/netty/netty-codec-http/4.1.74.Final/netty-codec-http-4.1.74.Final.jar:/home/dmills/.m2/repository/io/netty/netty-codec-http2/4.1.74.Final/netty-codec-http2-4.1.74.Final.jar:/home/dmills/.m2/repository/io/netty/netty-resolver/4.1.74.Final/netty-resolver-4.1.74.Final.jar:/home/dmills/.m2/repository/io/netty/netty-resolver-dns/4.1.74.Final/netty-resolver-dns-4.1.74.Final.jar:/home/dmills/.m2/repository/io/netty/netty-codec-dns/4.1.74.Final/netty-codec-dns-4.1.74.Final.jar:/home/dmills/.m2/repository/com/fasterxml/jackson/core/jackson-core/2.13.1/jackson-core-2.13.1.jar:/home/dmills/.m2/repository/io/smallrye/common/smallrye-common-constraint/1.10.0/smallrye-common-constraint-1.10.0.jar:/home/dmills/.m2/repository/net/webby/proto/protostuff-runtime-proto/1.0.0-SNAPSHOT/protostuff-runtime-proto-1.0.0-SNAPSHOT.jar:/home/dmills/.m2/repository/com/dyuproject/protostuff/protostuff-core/1.0.9/protostuff-core-1.0.9.jar:/home/dmills/.m2/repository/com/dyuproject/protostuff/protostuff-api/1.0.9/protostuff-api-1.0.9.jar:/home/dmills/.m2/repository/com/dyuproject/protostuff/protostuff-runtime/1.0.9/protostuff-runtime-1.0.9.jar:/home/dmills/.m2/repository/com/dyuproject/protostuff/protostuff-collectionschema/1.0.9/protostuff-collectionschema-1.0.9.jar:/home/dmills/.m2/repository/org/antlr/antlr-runtime/3.2/antlr-runtime-3.2.jar:/home/dmills/.m2/repository/org/antlr/stringtemplate/3.2/stringtemplate-3.2.jar:/home/dmills/.m2/repository/antlr/antlr/2.7.7/antlr-2.7.7.jar:/home/dmills/.m2/repository/life/genny/qwandaq/10.0.0/qwandaq-10.0.0.jar:/home/dmills/.m2/repository/io/quarkus/quarkus-hibernate-orm/2.7.3.Final/quarkus-hibernate-orm-2.7.3.Final.jar:/home/dmills/.m2/repository/io/quarkus/quarkus-agroal/2.7.3.Final/quarkus-agroal-2.7.3.Final.jar:/home/dmills/.m2/repository/io/quarkus/quarkus-datasource/2.7.3.Final/quarkus-datasource-2.7.3.Final.jar:/home/dmills/.m2/repository/io/quarkus/quarkus-datasource-common/2.7.3.Final/quarkus-datasource-common-2.7.3.Final.jar:/home/dmills/.m2/repository/org/jboss/narayana/jta/narayana-jta/5.12.4.Final/narayana-jta-5.12.4.Final.jar:/home/dmills/.m2/repository/org/jboss/jboss-transaction-spi/7.6.0.Final/jboss-transaction-spi-7.6.0.Final.jar:/home/dmills/.m2/repository/org/jboss/spec/javax/resource/jboss-connector-api_1.7_spec/1.0.0.Final/jboss-connector-api_1.7_spec-1.0.0.Final.jar:/home/dmills/.m2/repository/org/jboss/narayana/jts/narayana-jts-integration/5.12.4.Final/narayana-jts-integration-5.12.4.Final.jar:/home/dmills/.m2/repository/io/agroal/agroal-api/1.14/agroal-api-1.14.jar:/home/dmills/.m2/repository/io/agroal/agroal-narayana/1.14/agroal-narayana-1.14.jar:/home/dmills/.m2/repository/io/agroal/agroal-pool/1.14/agroal-pool-1.14.jar:/home/dmills/.m2/repository/io/quarkus/quarkus-credentials/2.7.3.Final/quarkus-credentials-2.7.3.Final.jar:/home/dmills/.m2/repository/io/quarkus/quarkus-narayana-jta/2.7.3.Final/quarkus-narayana-jta-2.7.3.Final.jar:/home/dmills/.m2/repository/io/smallrye/smallrye-context-propagation-jta/1.2.2/smallrye-context-propagation-jta-1.2.2.jar:/home/dmills/.m2/repository/io/smallrye/reactive/smallrye-reactive-converter-api/2.6.0/smallrye-reactive-converter-api-2.6.0.jar:/home/dmills/.m2/repository/io/smallrye/reactive/smallrye-reactive-converter-mutiny/2.6.0/smallrye-reactive-converter-mutiny-2.6.0.jar:/home/dmills/.m2/repository/org/hibernate/hibernate-core/5.6.5.Final/hibernate-core-5.6.5.Final.jar:/home/dmills/.m2/repository/net/bytebuddy/byte-buddy/1.12.7/byte-buddy-1.12.7.jar:/home/dmills/.m2/repository/com/fasterxml/classmate/1.5.1/classmate-1.5.1.jar:/home/dmills/.m2/repository/org/hibernate/common/hibernate-commons-annotations/5.1.2.Final/hibernate-commons-annotations-5.1.2.Final.jar:/home/dmills/.m2/repository/org/hibernate/hibernate-graalvm/5.6.5.Final/hibernate-graalvm-5.6.5.Final.jar:/home/dmills/.m2/repository/org/glassfish/jaxb/jaxb-runtime/2.3.3-b02/jaxb-runtime-2.3.3-b02.jar:/home/dmills/.m2/repository/org/glassfish/jaxb/txw2/2.3.3-b02/txw2-2.3.3-b02.jar:/home/dmills/.m2/repository/com/sun/istack/istack-commons-runtime/3.0.10/istack-commons-runtime-3.0.10.jar:/home/dmills/.m2/repository/com/sun/activation/jakarta.activation/1.2.1/jakarta.activation-1.2.1.jar:/home/dmills/.m2/repository/org/jboss/spec/javax/xml/bind/jboss-jaxb-api_2.3_spec/2.0.0.Final/jboss-jaxb-api_2.3_spec-2.0.0.Final.jar:/home/dmills/.m2/repository/jakarta/persistence/jakarta.persistence-api/2.2.3/jakarta.persistence-api-2.2.3.jar:/home/dmills/.m2/repository/jakarta/transaction/jakarta.transaction-api/1.3.3/jakarta.transaction-api-1.3.3.jar:/home/dmills/.m2/repository/org/hibernate/quarkus-local-cache/0.1.0/quarkus-local-cache-0.1.0.jar:/home/dmills/.m2/repository/com/github/ben-manes/caffeine/caffeine/2.9.3/caffeine-2.9.3.jar:/home/dmills/.m2/repository/io/quarkus/quarkus-caffeine/2.7.3.Final/quarkus-caffeine-2.7.3.Final.jar:/home/dmills/.m2/repository/io/quarkus/quarkus-hibernate-envers/2.7.3.Final/quarkus-hibernate-envers-2.7.3.Final.jar:/home/dmills/.m2/repository/org/hibernate/hibernate-envers/5.6.5.Final/hibernate-envers-5.6.5.Final.jar:/home/dmills/.m2/repository/org/dom4j/dom4j/2.1.3/dom4j-2.1.3.jar:/home/dmills/.m2/repository/io/quarkus/quarkus-hibernate-validator/2.7.3.Final/quarkus-hibernate-validator-2.7.3.Final.jar:/home/dmills/.m2/repository/org/hibernate/validator/hibernate-validator/6.2.2.Final/hibernate-validator-6.2.2.Final.jar:/home/dmills/.m2/repository/jakarta/validation/jakarta.validation-api/2.0.2/jakarta.validation-api-2.0.2.jar:/home/dmills/.m2/repository/org/glassfish/jakarta.el/3.0.4/jakarta.el-3.0.4.jar:/home/dmills/.m2/repository/io/smallrye/config/smallrye-config-validator/2.9.1/smallrye-config-validator-2.9.1.jar:/home/dmills/.m2/repository/io/quarkus/quarkus-hibernate-orm-rest-data-panache/2.7.3.Final/quarkus-hibernate-orm-rest-data-panache-2.7.3.Final.jar:/home/dmills/.m2/repository/io/quarkus/quarkus-rest-data-panache/2.7.3.Final/quarkus-rest-data-panache-2.7.3.Final.jar:/home/dmills/.m2/repository/io/quarkus/quarkus-panache-common/2.7.3.Final/quarkus-panache-common-2.7.3.Final.jar:/home/dmills/.m2/repository/org/jboss/spec/javax/ws/rs/jboss-jaxrs-api_2.1_spec/2.0.1.Final/jboss-jaxrs-api_2.1_spec-2.0.1.Final.jar:/home/dmills/.m2/repository/io/quarkus/quarkus-hibernate-orm-panache/2.7.3.Final/quarkus-hibernate-orm-panache-2.7.3.Final.jar:/home/dmills/.m2/repository/io/quarkus/quarkus-hibernate-orm-panache-common/2.7.3.Final/quarkus-hibernate-orm-panache-common-2.7.3.Final.jar:/home/dmills/.m2/repository/io/quarkus/quarkus-panache-hibernate-common/2.7.3.Final/quarkus-panache-hibernate-common-2.7.3.Final.jar:/home/dmills/.m2/repository/io/quarkus/quarkus-jdbc-mysql/2.7.3.Final/quarkus-jdbc-mysql-2.7.3.Final.jar:/home/dmills/.m2/repository/mysql/mysql-connector-java/8.0.28/mysql-connector-java-8.0.28.jar:/home/dmills/.m2/repository/io/quarkus/quarkus-resteasy-jsonb/2.7.3.Final/quarkus-resteasy-jsonb-2.7.3.Final.jar:/home/dmills/.m2/repository/org/jboss/resteasy/resteasy-json-binding-provider/4.7.5.Final/resteasy-json-binding-provider-4.7.5.Final.jar:/home/dmills/.m2/repository/org/glassfish/jakarta.json/1.1.6/jakarta.json-1.1.6.jar:/home/dmills/.m2/repository/jakarta/json/bind/jakarta.json.bind-api/1.0.2/jakarta.json.bind-api-1.0.2.jar:/home/dmills/.m2/repository/org/jboss/resteasy/resteasy-json-p-provider/4.7.5.Final/resteasy-json-p-provider-4.7.5.Final.jar:/home/dmills/.m2/repository/commons-io/commons-io/2.11.0/commons-io-2.11.0.jar:/home/dmills/.m2/repository/io/quarkus/quarkus-resteasy/2.7.3.Final/quarkus-resteasy-2.7.3.Final.jar:/home/dmills/.m2/repository/io/quarkus/quarkus-vertx-http/2.7.3.Final/quarkus-vertx-http-2.7.3.Final.jar:/home/dmills/.m2/repository/io/quarkus/quarkus-security-runtime-spi/2.7.3.Final/quarkus-security-runtime-spi-2.7.3.Final.jar:/home/dmills/.m2/repository/io/quarkus/quarkus-vertx-http-dev-console-runtime-spi/2.7.3.Final/quarkus-vertx-http-dev-console-runtime-spi-2.7.3.Final.jar:/home/dmills/.m2/repository/io/smallrye/reactive/smallrye-mutiny-vertx-web/2.18.1/smallrye-mutiny-vertx-web-2.18.1.jar:/home/dmills/.m2/repository/io/smallrye/reactive/smallrye-mutiny-vertx-web-common/2.18.1/smallrye-mutiny-vertx-web-common-2.18.1.jar:/home/dmills/.m2/repository/io/smallrye/reactive/smallrye-mutiny-vertx-auth-common/2.18.1/smallrye-mutiny-vertx-auth-common-2.18.1.jar:/home/dmills/.m2/repository/io/smallrye/reactive/smallrye-mutiny-vertx-bridge-common/2.18.1/smallrye-mutiny-vertx-bridge-common-2.18.1.jar:/home/dmills/.m2/repository/io/vertx/vertx-web/4.2.5/vertx-web-4.2.5.jar:/home/dmills/.m2/repository/io/vertx/vertx-web-common/4.2.5/vertx-web-common-4.2.5.jar:/home/dmills/.m2/repository/io/vertx/vertx-auth-common/4.2.5/vertx-auth-common-4.2.5.jar:/home/dmills/.m2/repository/io/vertx/vertx-bridge-common/4.2.5/vertx-bridge-common-4.2.5.jar:/home/dmills/.m2/repository/io/quarkus/quarkus-resteasy-server-common/2.7.3.Final/quarkus-resteasy-server-common-2.7.3.Final.jar:/home/dmills/.m2/repository/io/quarkus/quarkus-rest-client/2.7.3.Final/quarkus-rest-client-2.7.3.Final.jar:/home/dmills/.m2/repository/io/quarkus/quarkus-resteasy-common/2.7.3.Final/quarkus-resteasy-common-2.7.3.Final.jar:/home/dmills/.m2/repository/org/jboss/resteasy/resteasy-core/4.7.5.Final/resteasy-core-4.7.5.Final.jar:/home/dmills/.m2/repository/org/jboss/resteasy/resteasy-core-spi/4.7.5.Final/resteasy-core-spi-4.7.5.Final.jar:/home/dmills/.m2/repository/com/ibm/async/asyncutil/0.1.0/asyncutil-0.1.0.jar:/home/dmills/.m2/repository/io/quarkus/quarkus-apache-httpclient/2.7.3.Final/quarkus-apache-httpclient-2.7.3.Final.jar:/home/dmills/.m2/repository/org/apache/httpcomponents/httpclient/4.5.13/httpclient-4.5.13.jar:/home/dmills/.m2/repository/commons-codec/commons-codec/1.15/commons-codec-1.15.jar:/home/dmills/.m2/repository/io/quarkus/quarkus-rest-client-config/2.7.3.Final/quarkus-rest-client-config-2.7.3.Final.jar:/home/dmills/.m2/repository/org/eclipse/microprofile/rest/client/microprofile-rest-client-api/2.0/microprofile-rest-client-api-2.0.jar:/home/dmills/.m2/repository/org/jboss/jandex/2.4.2.Final/jandex-2.4.2.Final.jar:/home/dmills/.m2/repository/org/jboss/resteasy/resteasy-client-microprofile/4.7.5.Final/resteasy-client-microprofile-4.7.5.Final.jar:/home/dmills/.m2/repository/org/jboss/resteasy/resteasy-client-microprofile-base/4.7.5.Final/resteasy-client-microprofile-base-4.7.5.Final.jar:/home/dmills/.m2/repository/org/jboss/resteasy/resteasy-client/4.7.5.Final/resteasy-client-4.7.5.Final.jar:/home/dmills/.m2/repository/org/jboss/resteasy/resteasy-client-api/4.7.5.Final/resteasy-client-api-4.7.5.Final.jar:/home/dmills/.m2/repository/org/jboss/resteasy/resteasy-cdi/4.7.5.Final/resteasy-cdi-4.7.5.Final.jar:/home/dmills/.m2/repository/jakarta/interceptor/jakarta.interceptor-api/1.2.5/jakarta.interceptor-api-1.2.5.jar:/home/dmills/.m2/repository/org/apache/httpcomponents/httpasyncclient/4.1.5/httpasyncclient-4.1.5.jar:/home/dmills/.m2/repository/org/apache/httpcomponents/httpcore/4.4.15/httpcore-4.4.15.jar:/home/dmills/.m2/repository/org/apache/httpcomponents/httpcore-nio/4.4.15/httpcore-nio-4.4.15.jar:/home/dmills/.m2/repository/org/jboss/logging/commons-logging-jboss-logging/1.0.0.Final/commons-logging-jboss-logging-1.0.0.Final.jar:/home/dmills/.m2/repository/io/quarkus/quarkus-resteasy-jackson/2.7.3.Final/quarkus-resteasy-jackson-2.7.3.Final.jar:/home/dmills/.m2/repository/io/quarkus/quarkus-jackson/2.7.3.Final/quarkus-jackson-2.7.3.Final.jar:/home/dmills/.m2/repository/com/fasterxml/jackson/datatype/jackson-datatype-jsr310/2.13.1/jackson-datatype-jsr310-2.13.1.jar:/home/dmills/.m2/repository/com/fasterxml/jackson/datatype/jackson-datatype-jdk8/2.13.1/jackson-datatype-jdk8-2.13.1.jar:/home/dmills/.m2/repository/com/fasterxml/jackson/module/jackson-module-parameter-names/2.13.1/jackson-module-parameter-names-2.13.1.jar:/home/dmills/.m2/repository/org/jboss/resteasy/resteasy-jackson2-provider/4.7.5.Final/resteasy-jackson2-provider-4.7.5.Final.jar:/home/dmills/.m2/repository/com/fasterxml/jackson/core/jackson-annotations/2.13.1/jackson-annotations-2.13.1.jar:/home/dmills/.m2/repository/com/fasterxml/jackson/jaxrs/jackson-jaxrs-json-provider/2.13.1/jackson-jaxrs-json-provider-2.13.1.jar:/home/dmills/.m2/repository/com/fasterxml/jackson/jaxrs/jackson-jaxrs-base/2.13.1/jackson-jaxrs-base-2.13.1.jar:/home/dmills/.m2/repository/com/fasterxml/jackson/module/jackson-module-jaxb-annotations/2.13.1/jackson-module-jaxb-annotations-2.13.1.jar:/home/dmills/.m2/repository/com/github/java-json-tools/json-patch/1.13/json-patch-1.13.jar:/home/dmills/.m2/repository/com/github/java-json-tools/msg-simple/1.2/msg-simple-1.2.jar:/home/dmills/.m2/repository/com/github/java-json-tools/btf/1.3/btf-1.3.jar:/home/dmills/.m2/repository/com/github/java-json-tools/jackson-coreutils/2.0/jackson-coreutils-2.0.jar:/home/dmills/.m2/repository/io/quarkus/quarkus-jsonb/2.7.3.Final/quarkus-jsonb-2.7.3.Final.jar:/home/dmills/.m2/repository/org/eclipse/yasson/1.0.11/yasson-1.0.11.jar:/home/dmills/.m2/repository/io/quarkus/quarkus-jsonp/2.7.3.Final/quarkus-jsonp-2.7.3.Final.jar:/home/dmills/.m2/repository/io/quarkus/quarkus-smallrye-openapi/2.7.3.Final/quarkus-smallrye-openapi-2.7.3.Final.jar:/home/dmills/.m2/repository/io/smallrye/smallrye-open-api-core/2.1.20/smallrye-open-api-core-2.1.20.jar:/home/dmills/.m2/repository/org/eclipse/microprofile/openapi/microprofile-openapi-api/2.0.1/microprofile-openapi-api-2.0.1.jar:/home/dmills/.m2/repository/com/fasterxml/jackson/dataformat/jackson-dataformat-yaml/2.13.1/jackson-dataformat-yaml-2.13.1.jar:/home/dmills/.m2/repository/org/yaml/snakeyaml/1.30/snakeyaml-1.30.jar:/home/dmills/.m2/repository/io/quarkus/quarkus-swagger-ui/2.7.3.Final/quarkus-swagger-ui-2.7.3.Final.jar:/home/dmills/.m2/repository/io/quarkus/quarkus-smallrye-reactive-messaging-kafka/2.7.3.Final/quarkus-smallrye-reactive-messaging-kafka-2.7.3.Final.jar:/home/dmills/.m2/repository/io/quarkus/quarkus-kafka-client/2.7.3.Final/quarkus-kafka-client-2.7.3.Final.jar:/home/dmills/.m2/repository/io/smallrye/reactive/smallrye-reactive-messaging-kafka/3.13.0/smallrye-reactive-messaging-kafka-3.13.0.jar:/home/dmills/.m2/repository/io/smallrye/reactive/smallrye-reactive-messaging-kafka-api/3.13.0/smallrye-reactive-messaging-kafka-api-3.13.0.jar:/home/dmills/.m2/repository/io/opentelemetry/opentelemetry-api/1.9.1/opentelemetry-api-1.9.1.jar:/home/dmills/.m2/repository/io/opentelemetry/opentelemetry-context/1.9.1/opentelemetry-context-1.9.1.jar:/home/dmills/.m2/repository/io/opentelemetry/opentelemetry-semconv/1.9.0-alpha/opentelemetry-semconv-1.9.0-alpha.jar:/home/dmills/.m2/repository/org/apache/kafka/kafka-clients/3.1.0/kafka-clients-3.1.0.jar:/home/dmills/.m2/repository/com/github/luben/zstd-jni/1.5.0-4/zstd-jni-1.5.0-4.jar:/home/dmills/.m2/repository/org/lz4/lz4-java/1.8.0/lz4-java-1.8.0.jar:/home/dmills/.m2/repository/org/xerial/snappy/snappy-java/1.1.8.4/snappy-java-1.1.8.4.jar:/home/dmills/.m2/repository/io/vertx/vertx-kafka-client/4.2.5/vertx-kafka-client-4.2.5.jar:/home/dmills/.m2/repository/io/quarkus/quarkus-smallrye-reactive-messaging/2.7.3.Final/quarkus-smallrye-reactive-messaging-2.7.3.Final.jar:/home/dmills/.m2/repository/io/quarkus/quarkus-mutiny-reactive-streams-operators/2.7.3.Final/quarkus-mutiny-reactive-streams-operators-2.7.3.Final.jar:/home/dmills/.m2/repository/org/eclipse/microprofile/reactive-streams-operators/microprofile-reactive-streams-operators-api/1.0.1/microprofile-reactive-streams-operators-api-1.0.1.jar:/home/dmills/.m2/repository/org/eclipse/microprofile/reactive-streams-operators/microprofile-reactive-streams-operators-core/1.0.1/microprofile-reactive-streams-operators-core-1.0.1.jar:/home/dmills/.m2/repository/io/smallrye/reactive/mutiny-reactive-streams-operators/1.3.1/mutiny-reactive-streams-operators-1.3.1.jar:/home/dmills/.m2/repository/io/quarkus/quarkus-smallrye-reactive-messaging-kotlin/2.7.3.Final/quarkus-smallrye-reactive-messaging-kotlin-2.7.3.Final.jar:/home/dmills/.m2/repository/io/smallrye/reactive/smallrye-reactive-messaging-health/3.13.0/smallrye-reactive-messaging-health-3.13.0.jar:/home/dmills/.m2/repository/org/eclipse/microprofile/health/microprofile-health-api/3.1/microprofile-health-api-3.1.jar:/home/dmills/.m2/repository/io/smallrye/reactive/smallrye-reactive-messaging-provider/3.13.0/smallrye-reactive-messaging-provider-3.13.0.jar:/home/dmills/.m2/repository/io/smallrye/reactive/smallrye-reactive-messaging-api/3.13.0/smallrye-reactive-messaging-api-3.13.0.jar:/home/dmills/.m2/repository/io/quarkus/quarkus-infinispan-client/2.7.3.Final/quarkus-infinispan-client-2.7.3.Final.jar:/home/dmills/.m2/repository/io/quarkus/quarkus-netty/2.7.3.Final/quarkus-netty-2.7.3.Final.jar:/home/dmills/.m2/repository/io/netty/netty-codec/4.1.74.Final/netty-codec-4.1.74.Final.jar:/home/dmills/.m2/repository/io/quarkus/quarkus-elytron-security-common/2.7.3.Final/quarkus-elytron-security-common-2.7.3.Final.jar:/home/dmills/.m2/repository/org/wildfly/security/wildfly-elytron-credential/1.18.3.Final/wildfly-elytron-credential-1.18.3.Final.jar:/home/dmills/.m2/repository/org/wildfly/security/wildfly-elytron-asn1/1.18.3.Final/wildfly-elytron-asn1-1.18.3.Final.jar:/home/dmills/.m2/repository/org/wildfly/security/wildfly-elytron-keystore/1.18.3.Final/wildfly-elytron-keystore-1.18.3.Final.jar:/home/dmills/.m2/repository/org/wildfly/security/wildfly-elytron-x500-cert/1.18.3.Final/wildfly-elytron-x500-cert-1.18.3.Final.jar:/home/dmills/.m2/repository/org/wildfly/security/wildfly-elytron-x500-cert-util/1.18.3.Final/wildfly-elytron-x500-cert-util-1.18.3.Final.jar:/home/dmills/.m2/repository/org/apache/sshd/sshd-common/2.7.0/sshd-common-2.7.0.jar:/home/dmills/.m2/repository/org/wildfly/security/wildfly-elytron-provider-util/1.18.3.Final/wildfly-elytron-provider-util-1.18.3.Final.jar:/home/dmills/.m2/repository/org/wildfly/security/wildfly-elytron-x500/1.18.3.Final/wildfly-elytron-x500-1.18.3.Final.jar:/home/dmills/.m2/repository/org/wildfly/security/wildfly-elytron-password-impl/1.18.3.Final/wildfly-elytron-password-impl-1.18.3.Final.jar:/home/dmills/.m2/repository/org/wildfly/security/wildfly-elytron-sasl-plain/1.18.3.Final/wildfly-elytron-sasl-plain-1.18.3.Final.jar:/home/dmills/.m2/repository/org/wildfly/security/wildfly-elytron-auth-server/1.18.3.Final/wildfly-elytron-auth-server-1.18.3.Final.jar:/home/dmills/.m2/repository/org/wildfly/security/wildfly-elytron-auth/1.18.3.Final/wildfly-elytron-auth-1.18.3.Final.jar:/home/dmills/.m2/repository/org/wildfly/security/wildfly-elytron-base/1.18.3.Final/wildfly-elytron-base-1.18.3.Final.jar:/home/dmills/.m2/repository/org/wildfly/security/wildfly-elytron-permission/1.18.3.Final/wildfly-elytron-permission-1.18.3.Final.jar:/home/dmills/.m2/repository/org/wildfly/security/wildfly-elytron-sasl/1.18.3.Final/wildfly-elytron-sasl-1.18.3.Final.jar:/home/dmills/.m2/repository/org/wildfly/security/wildfly-elytron-ssl/1.18.3.Final/wildfly-elytron-ssl-1.18.3.Final.jar:/home/dmills/.m2/repository/org/wildfly/security/wildfly-elytron-mechanism/1.18.3.Final/wildfly-elytron-mechanism-1.18.3.Final.jar:/home/dmills/.m2/repository/org/wildfly/security/wildfly-elytron-http/1.18.3.Final/wildfly-elytron-http-1.18.3.Final.jar:/home/dmills/.m2/repository/org/wildfly/security/wildfly-elytron-sasl-digest/1.18.3.Final/wildfly-elytron-sasl-digest-1.18.3.Final.jar:/home/dmills/.m2/repository/org/wildfly/security/wildfly-elytron-mechanism-digest/1.18.3.Final/wildfly-elytron-mechanism-digest-1.18.3.Final.jar:/home/dmills/.m2/repository/org/wildfly/security/wildfly-elytron-util/1.18.3.Final/wildfly-elytron-util-1.18.3.Final.jar:/home/dmills/.m2/repository/org/wildfly/security/wildfly-elytron-sasl-external/1.18.3.Final/wildfly-elytron-sasl-external-1.18.3.Final.jar:/home/dmills/.m2/repository/org/wildfly/security/wildfly-elytron-sasl-oauth2/1.18.3.Final/wildfly-elytron-sasl-oauth2-1.18.3.Final.jar:/home/dmills/.m2/repository/org/wildfly/security/wildfly-elytron-mechanism-oauth2/1.18.3.Final/wildfly-elytron-mechanism-oauth2-1.18.3.Final.jar:/home/dmills/.m2/repository/org/wildfly/security/wildfly-elytron-sasl-scram/1.18.3.Final/wildfly-elytron-sasl-scram-1.18.3.Final.jar:/home/dmills/.m2/repository/org/wildfly/security/wildfly-elytron-mechanism-scram/1.18.3.Final/wildfly-elytron-mechanism-scram-1.18.3.Final.jar:/home/dmills/.m2/repository/org/infinispan/infinispan-client-hotrod/13.0.5.Final/infinispan-client-hotrod-13.0.5.Final.jar:/home/dmills/.m2/repository/org/infinispan/infinispan-commons/13.0.5.Final/infinispan-commons-13.0.5.Final.jar:/home/dmills/.m2/repository/org/wildfly/security/wildfly-elytron-sasl-gs2/1.18.3.Final/wildfly-elytron-sasl-gs2-1.18.3.Final.jar:/home/dmills/.m2/repository/org/wildfly/security/wildfly-elytron-mechanism-gssapi/1.18.3.Final/wildfly-elytron-mechanism-gssapi-1.18.3.Final.jar:/home/dmills/.m2/repository/org/wildfly/security/wildfly-elytron-security-manager-action/1.18.3.Final/wildfly-elytron-security-manager-action-1.18.3.Final.jar:/home/dmills/.m2/repository/org/wildfly/security/wildfly-elytron-sasl-gssapi/1.18.3.Final/wildfly-elytron-sasl-gssapi-1.18.3.Final.jar:/home/dmills/.m2/repository/io/reactivex/rxjava3/rxjava/3.0.4/rxjava-3.0.4.jar:/home/dmills/.m2/repository/io/netty/netty-transport-native-epoll/4.1.74.Final/netty-transport-native-epoll-4.1.74.Final-linux-x86_64.jar:/home/dmills/.m2/repository/io/netty/netty-transport-native-unix-common/4.1.74.Final/netty-transport-native-unix-common-4.1.74.Final.jar:/home/dmills/.m2/repository/io/netty/netty-transport-classes-epoll/4.1.74.Final/netty-transport-classes-epoll-4.1.74.Final.jar:/home/dmills/.m2/repository/org/eclipse/microprofile/metrics/microprofile-metrics-api/3.0.1/microprofile-metrics-api-3.0.1.jar:/home/dmills/.m2/repository/org/infinispan/infinispan-remote-query-client/13.0.5.Final/infinispan-remote-query-client-13.0.5.Final.jar:/home/dmills/.m2/repository/org/infinispan/protostream/protostream/4.4.1.Final/protostream-4.4.1.Final.jar:/home/dmills/.m2/repository/org/infinispan/infinispan-query-dsl/13.0.5.Final/infinispan-query-dsl-13.0.5.Final.jar:/home/dmills/.m2/repository/org/infinispan/protostream/protostream-processor/4.4.1.Final/protostream-processor-4.4.1.Final.jar:/home/dmills/.m2/repository/org/infinispan/protostream/protostream-types/4.4.1.Final/protostream-types-4.4.1.Final.jar:/home/dmills/.m2/repository/io/quarkus/quarkus-container-image-docker/2.7.3.Final/quarkus-container-image-docker-2.7.3.Final.jar:/home/dmills/.m2/repository/io/quarkus/quarkus-container-image/2.7.3.Final/quarkus-container-image-2.7.3.Final.jar:/home/dmills/.m2/repository/io/quarkus/quarkus-oidc/2.7.3.Final/quarkus-oidc-2.7.3.Final.jar:/home/dmills/.m2/repository/io/quarkus/quarkus-security/2.7.3.Final/quarkus-security-2.7.3.Final.jar:/home/dmills/.m2/repository/io/quarkus/quarkus-oidc-common/2.7.3.Final/quarkus-oidc-common-2.7.3.Final.jar:/home/dmills/.m2/repository/io/smallrye/reactive/smallrye-mutiny-vertx-web-client/2.18.1/smallrye-mutiny-vertx-web-client-2.18.1.jar:/home/dmills/.m2/repository/io/vertx/vertx-web-client/4.2.5/vertx-web-client-4.2.5.jar:/home/dmills/.m2/repository/io/quarkus/quarkus-smallrye-jwt-build/2.7.3.Final/quarkus-smallrye-jwt-build-2.7.3.Final.jar:/home/dmills/.m2/repository/io/smallrye/smallrye-jwt-build/3.3.3/smallrye-jwt-build-3.3.3.jar:/home/dmills/.m2/repository/io/smallrye/smallrye-jwt/3.3.3/smallrye-jwt-3.3.3.jar:/home/dmills/.m2/repository/org/eclipse/microprofile/jwt/microprofile-jwt-auth-api/1.2/microprofile-jwt-auth-api-1.2.jar:/home/dmills/.m2/repository/org/bitbucket/b_c/jose4j/0.7.9/jose4j-0.7.9.jar:/home/dmills/.m2/repository/io/smallrye/smallrye-jwt-common/3.3.3/smallrye-jwt-common-3.3.3.jar:/home/dmills/.m2/repository/org/apache/maven/shared/maven-shared-utils/3.3.4/maven-shared-utils-3.3.4.jar:/home/dmills/.m2/repository/com/querydsl/querydsl-jpa/4.4.0/querydsl-jpa-4.4.0.jar:/home/dmills/.m2/repository/com/querydsl/querydsl-core/4.4.0/querydsl-core-4.4.0.jar:/home/dmills/.m2/repository/com/mysema/commons/mysema-commons-lang/0.2.4/mysema-commons-lang-0.2.4.jar:/home/dmills/.m2/repository/com/infradna/tool/bridge-method-annotation/1.13/bridge-method-annotation-1.13.jar:/home/dmills/.m2/repository/javax/inject/javax.inject/1/javax.inject-1.jar:/home/dmills/.m2/repository/org/apache/commons/commons-text/1.8/commons-text-1.8.jar:/home/dmills/.m2/repository/org/apache/commons/commons-lang3/3.12.0/commons-lang3-3.12.0.jar:/home/dmills/.m2/repository/org/zalando/jackson-datatype-money/1.0.0/jackson-datatype-money-1.0.0.jar:/home/dmills/.m2/repository/com/fasterxml/jackson/core/jackson-databind/2.13.1/jackson-databind-2.13.1.jar:/home/dmills/.m2/repository/javax/money/money-api/1.0.1/money-api-1.0.1.jar:/home/dmills/.m2/repository/org/javamoney/moneta/1.1/moneta-1.1.jar:/home/dmills/.m2/repository/javax/annotation/javax.annotation-api/1.2/javax.annotation-api-1.2.jar:/home/dmills/.m2/repository/io/jsonwebtoken/jjwt-api/0.10.7/jjwt-api-0.10.7.jar:/home/dmills/.m2/repository/io/jsonwebtoken/jjwt-impl/0.10.7/jjwt-impl-0.10.7.jar:/home/dmills/.m2/repository/io/jsonwebtoken/jjwt-jackson/0.10.7/jjwt-jackson-0.10.7.jar:/home/dmills/.m2/repository/io/quarkus/quarkus-keycloak-authorization/2.7.3.Final/quarkus-keycloak-authorization-2.7.3.Final.jar:/home/dmills/.m2/repository/org/keycloak/keycloak-adapter-core/16.1.0/keycloak-adapter-core-16.1.0.jar:/home/dmills/.m2/repository/org/keycloak/keycloak-core/16.1.0/keycloak-core-16.1.0.jar:/home/dmills/.m2/repository/org/keycloak/keycloak-common/16.1.0/keycloak-common-16.1.0.jar:/home/dmills/.m2/repository/org/bouncycastle/bcprov-jdk15on/1.70/bcprov-jdk15on-1.70.jar:/home/dmills/.m2/repository/org/bouncycastle/bcpkix-jdk15on/1.70/bcpkix-jdk15on-1.70.jar:/home/dmills/.m2/repository/org/bouncycastle/bcutil-jdk15on/1.70/bcutil-jdk15on-1.70.jar:/home/dmills/.m2/repository/org/keycloak/keycloak-adapter-spi/16.1.0/keycloak-adapter-spi-16.1.0.jar:/home/dmills/.m2/repository/org/keycloak/keycloak-authz-client/16.1.0/keycloak-authz-client-16.1.0.jar:"/>
    <property name="java.vm.vendor" value="GraalVM Community"/>
    <property name="sun.arch.data.model" value="64"/>
    <property name="java.vendor.url" value="https://www.graalvm.org/"/>
    <property name="user.timezone" value=""/>
    <property name="java.vm.specification.version" value="11"/>
    <property name="os.name" value="Linux"/>
    <property name="sun.java.launcher" value="SUN_STANDARD"/>
    <property name="user.country" value="US"/>
    <property name="sun.boot.library.path" value="/home/dmills/.sdkman/candidates/java/21.3.0.r11-grl/lib"/>
    <property name="sun.java.command" value="/home/dmills/Work/testing/javaprotos/javaprotogen/target/surefire/surefirebooter1215375118728971079.jar /home/dmills/Work/testing/javaprotos/javaprotogen/target/surefire 2022-03-15T12-26-16_739-jvmRun1 surefire5742036133353840889tmp surefire_06633194683118803969tmp"/>
    <property name="jdk.debug" value="release"/>
    <property name="surefire.test.class.path" value="/home/dmills/Work/testing/javaprotos/javaprotogen/target/test-classes:/home/dmills/Work/testing/javaprotos/javaprotogen/target/classes:/home/dmills/.m2/repository/junit/junit/4.11/junit-4.11.jar:/home/dmills/.m2/repository/org/hamcrest/hamcrest-core/1.3/hamcrest-core-1.3.jar:/home/dmills/.m2/repository/io/quarkus/quarkus-grpc/2.7.3.Final/quarkus-grpc-2.7.3.Final.jar:/home/dmills/.m2/repository/jakarta/annotation/jakarta.annotation-api/1.3.5/jakarta.annotation-api-1.3.5.jar:/home/dmills/.m2/repository/io/quarkus/quarkus-grpc-common/2.7.3.Final/quarkus-grpc-common-2.7.3.Final.jar:/home/dmills/.m2/repository/com/google/code/findbugs/jsr305/3.0.2/jsr305-3.0.2.jar:/home/dmills/.m2/repository/io/vertx/vertx-grpc/4.2.5/vertx-grpc-4.2.5.jar:/home/dmills/.m2/repository/io/grpc/grpc-netty/1.43.2/grpc-netty-1.43.2.jar:/home/dmills/.m2/repository/io/grpc/grpc-core/1.43.2/grpc-core-1.43.2.jar:/home/dmills/.m2/repository/com/google/code/gson/gson/2.9.0/gson-2.9.0.jar:/home/dmills/.m2/repository/io/perfmark/perfmark-api/0.23.0/perfmark-api-0.23.0.jar:/home/dmills/.m2/repository/io/grpc/grpc-protobuf/1.43.2/grpc-protobuf-1.43.2.jar:/home/dmills/.m2/repository/com/google/protobuf/protobuf-java/3.19.3/protobuf-java-3.19.3.jar:/home/dmills/.m2/repository/com/google/api/grpc/proto-google-common-protos/2.0.1/proto-google-common-protos-2.0.1.jar:/home/dmills/.m2/repository/io/grpc/grpc-protobuf-lite/1.43.2/grpc-protobuf-lite-1.43.2.jar:/home/dmills/.m2/repository/io/quarkus/quarkus-vertx/2.7.3.Final/quarkus-vertx-2.7.3.Final.jar:/home/dmills/.m2/repository/io/netty/netty-codec-haproxy/4.1.74.Final/netty-codec-haproxy-4.1.74.Final.jar:/home/dmills/.m2/repository/io/smallrye/reactive/smallrye-mutiny-vertx-core/2.18.1/smallrye-mutiny-vertx-core-2.18.1.jar:/home/dmills/.m2/repository/io/smallrye/reactive/smallrye-mutiny-vertx-runtime/2.18.1/smallrye-mutiny-vertx-runtime-2.18.1.jar:/home/dmills/.m2/repository/io/smallrye/reactive/vertx-mutiny-generator/2.18.1/vertx-mutiny-generator-2.18.1.jar:/home/dmills/.m2/repository/io/vertx/vertx-codegen/4.2.5/vertx-codegen-4.2.5.jar:/home/dmills/.m2/repository/io/smallrye/smallrye-fault-tolerance-vertx/5.2.1/smallrye-fault-tolerance-vertx-5.2.1.jar:/home/dmills/.m2/repository/io/quarkus/quarkus-core/2.7.3.Final/quarkus-core-2.7.3.Final.jar:/home/dmills/.m2/repository/jakarta/enterprise/jakarta.enterprise.cdi-api/2.0.2/jakarta.enterprise.cdi-api-2.0.2.jar:/home/dmills/.m2/repository/jakarta/el/jakarta.el-api/3.0.3/jakarta.el-api-3.0.3.jar:/home/dmills/.m2/repository/jakarta/inject/jakarta.inject-api/1.0/jakarta.inject-api-1.0.jar:/home/dmills/.m2/repository/io/quarkus/quarkus-ide-launcher/2.7.3.Final/quarkus-ide-launcher-2.7.3.Final.jar:/home/dmills/.m2/repository/io/quarkus/quarkus-development-mode-spi/2.7.3.Final/quarkus-development-mode-spi-2.7.3.Final.jar:/home/dmills/.m2/repository/io/smallrye/config/smallrye-config/2.9.1/smallrye-config-2.9.1.jar:/home/dmills/.m2/repository/io/smallrye/config/smallrye-config-core/2.9.1/smallrye-config-core-2.9.1.jar:/home/dmills/.m2/repository/io/smallrye/common/smallrye-common-expression/1.10.0/smallrye-common-expression-1.10.0.jar:/home/dmills/.m2/repository/io/smallrye/common/smallrye-common-function/1.10.0/smallrye-common-function-1.10.0.jar:/home/dmills/.m2/repository/io/smallrye/common/smallrye-common-classloader/1.10.0/smallrye-common-classloader-1.10.0.jar:/home/dmills/.m2/repository/io/smallrye/config/smallrye-config-common/2.9.1/smallrye-config-common-2.9.1.jar:/home/dmills/.m2/repository/org/jboss/logging/jboss-logging/3.4.3.Final/jboss-logging-3.4.3.Final.jar:/home/dmills/.m2/repository/org/jboss/logmanager/jboss-logmanager-embedded/1.0.9/jboss-logmanager-embedded-1.0.9.jar:/home/dmills/.m2/repository/org/jboss/logging/jboss-logging-annotations/2.2.1.Final/jboss-logging-annotations-2.2.1.Final.jar:/home/dmills/.m2/repository/org/jboss/threads/jboss-threads/3.4.2.Final/jboss-threads-3.4.2.Final.jar:/home/dmills/.m2/repository/org/slf4j/slf4j-api/1.7.33/slf4j-api-1.7.33.jar:/home/dmills/.m2/repository/org/jboss/slf4j/slf4j-jboss-logmanager/1.1.0.Final/slf4j-jboss-logmanager-1.1.0.Final.jar:/home/dmills/.m2/repository/org/graalvm/sdk/graal-sdk/21.3.1/graal-sdk-21.3.1.jar:/home/dmills/.m2/repository/org/wildfly/common/wildfly-common/1.5.4.Final-format-001/wildfly-common-1.5.4.Final-format-001.jar:/home/dmills/.m2/repository/io/quarkus/quarkus-bootstrap-runner/2.7.3.Final/quarkus-bootstrap-runner-2.7.3.Final.jar:/home/dmills/.m2/repository/io/smallrye/common/smallrye-common-io/1.10.0/smallrye-common-io-1.10.0.jar:/home/dmills/.m2/repository/io/quarkus/quarkus-fs-util/0.0.9/quarkus-fs-util-0.0.9.jar:/home/dmills/.m2/repository/io/quarkus/quarkus-arc/2.7.3.Final/quarkus-arc-2.7.3.Final.jar:/home/dmills/.m2/repository/io/quarkus/arc/arc/2.7.3.Final/arc-2.7.3.Final.jar:/home/dmills/.m2/repository/org/eclipse/microprofile/context-propagation/microprofile-context-propagation-api/1.2/microprofile-context-propagation-api-1.2.jar:/home/dmills/.m2/repository/io/quarkus/security/quarkus-security/1.1.4.Final/quarkus-security-1.1.4.Final.jar:/home/dmills/.m2/repository/io/smallrye/reactive/mutiny/1.3.1/mutiny-1.3.1.jar:/home/dmills/.m2/repository/org/reactivestreams/reactive-streams/1.0.3/reactive-streams-1.0.3.jar:/home/dmills/.m2/repository/io/quarkus/quarkus-smallrye-stork/2.7.3.Final/quarkus-smallrye-stork-2.7.3.Final.jar:/home/dmills/.m2/repository/io/smallrye/stork/stork-microprofile-config/1.0.0/stork-microprofile-config-1.0.0.jar:/home/dmills/.m2/repository/io/smallrye/stork/stork-core/1.0.0/stork-core-1.0.0.jar:/home/dmills/.m2/repository/io/smallrye/stork/stork-api/1.0.0/stork-api-1.0.0.jar:/home/dmills/.m2/repository/org/eclipse/microprofile/config/microprofile-config-api/2.0.1/microprofile-config-api-2.0.1.jar:/home/dmills/.m2/repository/io/quarkus/quarkus-grpc-stubs/2.7.3.Final/quarkus-grpc-stubs-2.7.3.Final.jar:/home/dmills/.m2/repository/io/grpc/grpc-stub/1.43.2/grpc-stub-1.43.2.jar:/home/dmills/.m2/repository/io/grpc/grpc-api/1.43.2/grpc-api-1.43.2.jar:/home/dmills/.m2/repository/io/grpc/grpc-context/1.43.2/grpc-context-1.43.2.jar:/home/dmills/.m2/repository/com/google/guava/guava/30.1.1-jre/guava-30.1.1-jre.jar:/home/dmills/.m2/repository/com/google/guava/failureaccess/1.0.1/failureaccess-1.0.1.jar:/home/dmills/.m2/repository/com/google/j2objc/j2objc-annotations/1.3/j2objc-annotations-1.3.jar:/home/dmills/.m2/repository/com/google/errorprone/error_prone_annotations/2.10.0/error_prone_annotations-2.10.0.jar:/home/dmills/.m2/repository/io/quarkus/quarkus-mutiny/2.7.3.Final/quarkus-mutiny-2.7.3.Final.jar:/home/dmills/.m2/repository/io/quarkus/quarkus-smallrye-context-propagation/2.7.3.Final/quarkus-smallrye-context-propagation-2.7.3.Final.jar:/home/dmills/.m2/repository/io/smallrye/smallrye-context-propagation/1.2.2/smallrye-context-propagation-1.2.2.jar:/home/dmills/.m2/repository/io/smallrye/smallrye-context-propagation-api/1.2.2/smallrye-context-propagation-api-1.2.2.jar:/home/dmills/.m2/repository/io/smallrye/smallrye-context-propagation-storage/1.2.2/smallrye-context-propagation-storage-1.2.2.jar:/home/dmills/.m2/repository/io/smallrye/reactive/mutiny-smallrye-context-propagation/1.3.1/mutiny-smallrye-context-propagation-1.3.1.jar:/home/dmills/.m2/repository/io/smallrye/common/smallrye-common-annotation/1.10.0/smallrye-common-annotation-1.10.0.jar:/home/dmills/.m2/repository/io/smallrye/common/smallrye-common-vertx-context/1.10.0/smallrye-common-vertx-context-1.10.0.jar:/home/dmills/.m2/repository/io/vertx/vertx-core/4.2.5/vertx-core-4.2.5.jar:/home/dmills/.m2/repository/io/netty/netty-common/4.1.74.Final/netty-common-4.1.74.Final.jar:/home/dmills/.m2/repository/io/netty/netty-buffer/4.1.74.Final/netty-buffer-4.1.74.Final.jar:/home/dmills/.m2/repository/io/netty/netty-transport/4.1.74.Final/netty-transport-4.1.74.Final.jar:/home/dmills/.m2/repository/io/netty/netty-handler/4.1.74.Final/netty-handler-4.1.74.Final.jar:/home/dmills/.m2/repository/io/netty/netty-tcnative-classes/2.0.48.Final/netty-tcnative-classes-2.0.48.Final.jar:/home/dmills/.m2/repository/io/netty/netty-handler-proxy/4.1.74.Final/netty-handler-proxy-4.1.74.Final.jar:/home/dmills/.m2/repository/io/netty/netty-codec-socks/4.1.74.Final/netty-codec-socks-4.1.74.Final.jar:/home/dmills/.m2/repository/io/netty/netty-codec-http/4.1.74.Final/netty-codec-http-4.1.74.Final.jar:/home/dmills/.m2/repository/io/netty/netty-codec-http2/4.1.74.Final/netty-codec-http2-4.1.74.Final.jar:/home/dmills/.m2/repository/io/netty/netty-resolver/4.1.74.Final/netty-resolver-4.1.74.Final.jar:/home/dmills/.m2/repository/io/netty/netty-resolver-dns/4.1.74.Final/netty-resolver-dns-4.1.74.Final.jar:/home/dmills/.m2/repository/io/netty/netty-codec-dns/4.1.74.Final/netty-codec-dns-4.1.74.Final.jar:/home/dmills/.m2/repository/com/fasterxml/jackson/core/jackson-core/2.13.1/jackson-core-2.13.1.jar:/home/dmills/.m2/repository/io/smallrye/common/smallrye-common-constraint/1.10.0/smallrye-common-constraint-1.10.0.jar:/home/dmills/.m2/repository/net/webby/proto/protostuff-runtime-proto/1.0.0-SNAPSHOT/protostuff-runtime-proto-1.0.0-SNAPSHOT.jar:/home/dmills/.m2/repository/com/dyuproject/protostuff/protostuff-core/1.0.9/protostuff-core-1.0.9.jar:/home/dmills/.m2/repository/com/dyuproject/protostuff/protostuff-api/1.0.9/protostuff-api-1.0.9.jar:/home/dmills/.m2/repository/com/dyuproject/protostuff/protostuff-runtime/1.0.9/protostuff-runtime-1.0.9.jar:/home/dmills/.m2/repository/com/dyuproject/protostuff/protostuff-collectionschema/1.0.9/protostuff-collectionschema-1.0.9.jar:/home/dmills/.m2/repository/org/antlr/antlr-runtime/3.2/antlr-runtime-3.2.jar:/home/dmills/.m2/repository/org/antlr/stringtemplate/3.2/stringtemplate-3.2.jar:/home/dmills/.m2/repository/antlr/antlr/2.7.7/antlr-2.7.7.jar:/home/dmills/.m2/repository/life/genny/qwandaq/10.0.0/qwandaq-10.0.0.jar:/home/dmills/.m2/repository/io/quarkus/quarkus-hibernate-orm/2.7.3.Final/quarkus-hibernate-orm-2.7.3.Final.jar:/home/dmills/.m2/repository/io/quarkus/quarkus-agroal/2.7.3.Final/quarkus-agroal-2.7.3.Final.jar:/home/dmills/.m2/repository/io/quarkus/quarkus-datasource/2.7.3.Final/quarkus-datasource-2.7.3.Final.jar:/home/dmills/.m2/repository/io/quarkus/quarkus-datasource-common/2.7.3.Final/quarkus-datasource-common-2.7.3.Final.jar:/home/dmills/.m2/repository/org/jboss/narayana/jta/narayana-jta/5.12.4.Final/narayana-jta-5.12.4.Final.jar:/home/dmills/.m2/repository/org/jboss/jboss-transaction-spi/7.6.0.Final/jboss-transaction-spi-7.6.0.Final.jar:/home/dmills/.m2/repository/org/jboss/spec/javax/resource/jboss-connector-api_1.7_spec/1.0.0.Final/jboss-connector-api_1.7_spec-1.0.0.Final.jar:/home/dmills/.m2/repository/org/jboss/narayana/jts/narayana-jts-integration/5.12.4.Final/narayana-jts-integration-5.12.4.Final.jar:/home/dmills/.m2/repository/io/agroal/agroal-api/1.14/agroal-api-1.14.jar:/home/dmills/.m2/repository/io/agroal/agroal-narayana/1.14/agroal-narayana-1.14.jar:/home/dmills/.m2/repository/io/agroal/agroal-pool/1.14/agroal-pool-1.14.jar:/home/dmills/.m2/repository/io/quarkus/quarkus-credentials/2.7.3.Final/quarkus-credentials-2.7.3.Final.jar:/home/dmills/.m2/repository/io/quarkus/quarkus-narayana-jta/2.7.3.Final/quarkus-narayana-jta-2.7.3.Final.jar:/home/dmills/.m2/repository/io/smallrye/smallrye-context-propagation-jta/1.2.2/smallrye-context-propagation-jta-1.2.2.jar:/home/dmills/.m2/repository/io/smallrye/reactive/smallrye-reactive-converter-api/2.6.0/smallrye-reactive-converter-api-2.6.0.jar:/home/dmills/.m2/repository/io/smallrye/reactive/smallrye-reactive-converter-mutiny/2.6.0/smallrye-reactive-converter-mutiny-2.6.0.jar:/home/dmills/.m2/repository/org/hibernate/hibernate-core/5.6.5.Final/hibernate-core-5.6.5.Final.jar:/home/dmills/.m2/repository/net/bytebuddy/byte-buddy/1.12.7/byte-buddy-1.12.7.jar:/home/dmills/.m2/repository/com/fasterxml/classmate/1.5.1/classmate-1.5.1.jar:/home/dmills/.m2/repository/org/hibernate/common/hibernate-commons-annotations/5.1.2.Final/hibernate-commons-annotations-5.1.2.Final.jar:/home/dmills/.m2/repository/org/hibernate/hibernate-graalvm/5.6.5.Final/hibernate-graalvm-5.6.5.Final.jar:/home/dmills/.m2/repository/org/glassfish/jaxb/jaxb-runtime/2.3.3-b02/jaxb-runtime-2.3.3-b02.jar:/home/dmills/.m2/repository/org/glassfish/jaxb/txw2/2.3.3-b02/txw2-2.3.3-b02.jar:/home/dmills/.m2/repository/com/sun/istack/istack-commons-runtime/3.0.10/istack-commons-runtime-3.0.10.jar:/home/dmills/.m2/repository/com/sun/activation/jakarta.activation/1.2.1/jakarta.activation-1.2.1.jar:/home/dmills/.m2/repository/org/jboss/spec/javax/xml/bind/jboss-jaxb-api_2.3_spec/2.0.0.Final/jboss-jaxb-api_2.3_spec-2.0.0.Final.jar:/home/dmills/.m2/repository/jakarta/persistence/jakarta.persistence-api/2.2.3/jakarta.persistence-api-2.2.3.jar:/home/dmills/.m2/repository/jakarta/transaction/jakarta.transaction-api/1.3.3/jakarta.transaction-api-1.3.3.jar:/home/dmills/.m2/repository/org/hibernate/quarkus-local-cache/0.1.0/quarkus-local-cache-0.1.0.jar:/home/dmills/.m2/repository/com/github/ben-manes/caffeine/caffeine/2.9.3/caffeine-2.9.3.jar:/home/dmills/.m2/repository/io/quarkus/quarkus-caffeine/2.7.3.Final/quarkus-caffeine-2.7.3.Final.jar:/home/dmills/.m2/repository/io/quarkus/quarkus-hibernate-envers/2.7.3.Final/quarkus-hibernate-envers-2.7.3.Final.jar:/home/dmills/.m2/repository/org/hibernate/hibernate-envers/5.6.5.Final/hibernate-envers-5.6.5.Final.jar:/home/dmills/.m2/repository/org/dom4j/dom4j/2.1.3/dom4j-2.1.3.jar:/home/dmills/.m2/repository/io/quarkus/quarkus-hibernate-validator/2.7.3.Final/quarkus-hibernate-validator-2.7.3.Final.jar:/home/dmills/.m2/repository/org/hibernate/validator/hibernate-validator/6.2.2.Final/hibernate-validator-6.2.2.Final.jar:/home/dmills/.m2/repository/jakarta/validation/jakarta.validation-api/2.0.2/jakarta.validation-api-2.0.2.jar:/home/dmills/.m2/repository/org/glassfish/jakarta.el/3.0.4/jakarta.el-3.0.4.jar:/home/dmills/.m2/repository/io/smallrye/config/smallrye-config-validator/2.9.1/smallrye-config-validator-2.9.1.jar:/home/dmills/.m2/repository/io/quarkus/quarkus-hibernate-orm-rest-data-panache/2.7.3.Final/quarkus-hibernate-orm-rest-data-panache-2.7.3.Final.jar:/home/dmills/.m2/repository/io/quarkus/quarkus-rest-data-panache/2.7.3.Final/quarkus-rest-data-panache-2.7.3.Final.jar:/home/dmills/.m2/repository/io/quarkus/quarkus-panache-common/2.7.3.Final/quarkus-panache-common-2.7.3.Final.jar:/home/dmills/.m2/repository/org/jboss/spec/javax/ws/rs/jboss-jaxrs-api_2.1_spec/2.0.1.Final/jboss-jaxrs-api_2.1_spec-2.0.1.Final.jar:/home/dmills/.m2/repository/io/quarkus/quarkus-hibernate-orm-panache/2.7.3.Final/quarkus-hibernate-orm-panache-2.7.3.Final.jar:/home/dmills/.m2/repository/io/quarkus/quarkus-hibernate-orm-panache-common/2.7.3.Final/quarkus-hibernate-orm-panache-common-2.7.3.Final.jar:/home/dmills/.m2/repository/io/quarkus/quarkus-panache-hibernate-common/2.7.3.Final/quarkus-panache-hibernate-common-2.7.3.Final.jar:/home/dmills/.m2/repository/io/quarkus/quarkus-jdbc-mysql/2.7.3.Final/quarkus-jdbc-mysql-2.7.3.Final.jar:/home/dmills/.m2/repository/mysql/mysql-connector-java/8.0.28/mysql-connector-java-8.0.28.jar:/home/dmills/.m2/repository/io/quarkus/quarkus-resteasy-jsonb/2.7.3.Final/quarkus-resteasy-jsonb-2.7.3.Final.jar:/home/dmills/.m2/repository/org/jboss/resteasy/resteasy-json-binding-provider/4.7.5.Final/resteasy-json-binding-provider-4.7.5.Final.jar:/home/dmills/.m2/repository/org/glassfish/jakarta.json/1.1.6/jakarta.json-1.1.6.jar:/home/dmills/.m2/repository/jakarta/json/bind/jakarta.json.bind-api/1.0.2/jakarta.json.bind-api-1.0.2.jar:/home/dmills/.m2/repository/org/jboss/resteasy/resteasy-json-p-provider/4.7.5.Final/resteasy-json-p-provider-4.7.5.Final.jar:/home/dmills/.m2/repository/commons-io/commons-io/2.11.0/commons-io-2.11.0.jar:/home/dmills/.m2/repository/io/quarkus/quarkus-resteasy/2.7.3.Final/quarkus-resteasy-2.7.3.Final.jar:/home/dmills/.m2/repository/io/quarkus/quarkus-vertx-http/2.7.3.Final/quarkus-vertx-http-2.7.3.Final.jar:/home/dmills/.m2/repository/io/quarkus/quarkus-security-runtime-spi/2.7.3.Final/quarkus-security-runtime-spi-2.7.3.Final.jar:/home/dmills/.m2/repository/io/quarkus/quarkus-vertx-http-dev-console-runtime-spi/2.7.3.Final/quarkus-vertx-http-dev-console-runtime-spi-2.7.3.Final.jar:/home/dmills/.m2/repository/io/smallrye/reactive/smallrye-mutiny-vertx-web/2.18.1/smallrye-mutiny-vertx-web-2.18.1.jar:/home/dmills/.m2/repository/io/smallrye/reactive/smallrye-mutiny-vertx-web-common/2.18.1/smallrye-mutiny-vertx-web-common-2.18.1.jar:/home/dmills/.m2/repository/io/smallrye/reactive/smallrye-mutiny-vertx-auth-common/2.18.1/smallrye-mutiny-vertx-auth-common-2.18.1.jar:/home/dmills/.m2/repository/io/smallrye/reactive/smallrye-mutiny-vertx-bridge-common/2.18.1/smallrye-mutiny-vertx-bridge-common-2.18.1.jar:/home/dmills/.m2/repository/io/vertx/vertx-web/4.2.5/vertx-web-4.2.5.jar:/home/dmills/.m2/repository/io/vertx/vertx-web-common/4.2.5/vertx-web-common-4.2.5.jar:/home/dmills/.m2/repository/io/vertx/vertx-auth-common/4.2.5/vertx-auth-common-4.2.5.jar:/home/dmills/.m2/repository/io/vertx/vertx-bridge-common/4.2.5/vertx-bridge-common-4.2.5.jar:/home/dmills/.m2/repository/io/quarkus/quarkus-resteasy-server-common/2.7.3.Final/quarkus-resteasy-server-common-2.7.3.Final.jar:/home/dmills/.m2/repository/io/quarkus/quarkus-rest-client/2.7.3.Final/quarkus-rest-client-2.7.3.Final.jar:/home/dmills/.m2/repository/io/quarkus/quarkus-resteasy-common/2.7.3.Final/quarkus-resteasy-common-2.7.3.Final.jar:/home/dmills/.m2/repository/org/jboss/resteasy/resteasy-core/4.7.5.Final/resteasy-core-4.7.5.Final.jar:/home/dmills/.m2/repository/org/jboss/resteasy/resteasy-core-spi/4.7.5.Final/resteasy-core-spi-4.7.5.Final.jar:/home/dmills/.m2/repository/com/ibm/async/asyncutil/0.1.0/asyncutil-0.1.0.jar:/home/dmills/.m2/repository/io/quarkus/quarkus-apache-httpclient/2.7.3.Final/quarkus-apache-httpclient-2.7.3.Final.jar:/home/dmills/.m2/repository/org/apache/httpcomponents/httpclient/4.5.13/httpclient-4.5.13.jar:/home/dmills/.m2/repository/commons-codec/commons-codec/1.15/commons-codec-1.15.jar:/home/dmills/.m2/repository/io/quarkus/quarkus-rest-client-config/2.7.3.Final/quarkus-rest-client-config-2.7.3.Final.jar:/home/dmills/.m2/repository/org/eclipse/microprofile/rest/client/microprofile-rest-client-api/2.0/microprofile-rest-client-api-2.0.jar:/home/dmills/.m2/repository/org/jboss/jandex/2.4.2.Final/jandex-2.4.2.Final.jar:/home/dmills/.m2/repository/org/jboss/resteasy/resteasy-client-microprofile/4.7.5.Final/resteasy-client-microprofile-4.7.5.Final.jar:/home/dmills/.m2/repository/org/jboss/resteasy/resteasy-client-microprofile-base/4.7.5.Final/resteasy-client-microprofile-base-4.7.5.Final.jar:/home/dmills/.m2/repository/org/jboss/resteasy/resteasy-client/4.7.5.Final/resteasy-client-4.7.5.Final.jar:/home/dmills/.m2/repository/org/jboss/resteasy/resteasy-client-api/4.7.5.Final/resteasy-client-api-4.7.5.Final.jar:/home/dmills/.m2/repository/org/jboss/resteasy/resteasy-cdi/4.7.5.Final/resteasy-cdi-4.7.5.Final.jar:/home/dmills/.m2/repository/jakarta/interceptor/jakarta.interceptor-api/1.2.5/jakarta.interceptor-api-1.2.5.jar:/home/dmills/.m2/repository/org/apache/httpcomponents/httpasyncclient/4.1.5/httpasyncclient-4.1.5.jar:/home/dmills/.m2/repository/org/apache/httpcomponents/httpcore/4.4.15/httpcore-4.4.15.jar:/home/dmills/.m2/repository/org/apache/httpcomponents/httpcore-nio/4.4.15/httpcore-nio-4.4.15.jar:/home/dmills/.m2/repository/org/jboss/logging/commons-logging-jboss-logging/1.0.0.Final/commons-logging-jboss-logging-1.0.0.Final.jar:/home/dmills/.m2/repository/io/quarkus/quarkus-resteasy-jackson/2.7.3.Final/quarkus-resteasy-jackson-2.7.3.Final.jar:/home/dmills/.m2/repository/io/quarkus/quarkus-jackson/2.7.3.Final/quarkus-jackson-2.7.3.Final.jar:/home/dmills/.m2/repository/com/fasterxml/jackson/datatype/jackson-datatype-jsr310/2.13.1/jackson-datatype-jsr310-2.13.1.jar:/home/dmills/.m2/repository/com/fasterxml/jackson/datatype/jackson-datatype-jdk8/2.13.1/jackson-datatype-jdk8-2.13.1.jar:/home/dmills/.m2/repository/com/fasterxml/jackson/module/jackson-module-parameter-names/2.13.1/jackson-module-parameter-names-2.13.1.jar:/home/dmills/.m2/repository/org/jboss/resteasy/resteasy-jackson2-provider/4.7.5.Final/resteasy-jackson2-provider-4.7.5.Final.jar:/home/dmills/.m2/repository/com/fasterxml/jackson/core/jackson-annotations/2.13.1/jackson-annotations-2.13.1.jar:/home/dmills/.m2/repository/com/fasterxml/jackson/jaxrs/jackson-jaxrs-json-provider/2.13.1/jackson-jaxrs-json-provider-2.13.1.jar:/home/dmills/.m2/repository/com/fasterxml/jackson/jaxrs/jackson-jaxrs-base/2.13.1/jackson-jaxrs-base-2.13.1.jar:/home/dmills/.m2/repository/com/fasterxml/jackson/module/jackson-module-jaxb-annotations/2.13.1/jackson-module-jaxb-annotations-2.13.1.jar:/home/dmills/.m2/repository/com/github/java-json-tools/json-patch/1.13/json-patch-1.13.jar:/home/dmills/.m2/repository/com/github/java-json-tools/msg-simple/1.2/msg-simple-1.2.jar:/home/dmills/.m2/repository/com/github/java-json-tools/btf/1.3/btf-1.3.jar:/home/dmills/.m2/repository/com/github/java-json-tools/jackson-coreutils/2.0/jackson-coreutils-2.0.jar:/home/dmills/.m2/repository/io/quarkus/quarkus-jsonb/2.7.3.Final/quarkus-jsonb-2.7.3.Final.jar:/home/dmills/.m2/repository/org/eclipse/yasson/1.0.11/yasson-1.0.11.jar:/home/dmills/.m2/repository/io/quarkus/quarkus-jsonp/2.7.3.Final/quarkus-jsonp-2.7.3.Final.jar:/home/dmills/.m2/repository/io/quarkus/quarkus-smallrye-openapi/2.7.3.Final/quarkus-smallrye-openapi-2.7.3.Final.jar:/home/dmills/.m2/repository/io/smallrye/smallrye-open-api-core/2.1.20/smallrye-open-api-core-2.1.20.jar:/home/dmills/.m2/repository/org/eclipse/microprofile/openapi/microprofile-openapi-api/2.0.1/microprofile-openapi-api-2.0.1.jar:/home/dmills/.m2/repository/com/fasterxml/jackson/dataformat/jackson-dataformat-yaml/2.13.1/jackson-dataformat-yaml-2.13.1.jar:/home/dmills/.m2/repository/org/yaml/snakeyaml/1.30/snakeyaml-1.30.jar:/home/dmills/.m2/repository/io/quarkus/quarkus-swagger-ui/2.7.3.Final/quarkus-swagger-ui-2.7.3.Final.jar:/home/dmills/.m2/repository/io/quarkus/quarkus-smallrye-reactive-messaging-kafka/2.7.3.Final/quarkus-smallrye-reactive-messaging-kafka-2.7.3.Final.jar:/home/dmills/.m2/repository/io/quarkus/quarkus-kafka-client/2.7.3.Final/quarkus-kafka-client-2.7.3.Final.jar:/home/dmills/.m2/repository/io/smallrye/reactive/smallrye-reactive-messaging-kafka/3.13.0/smallrye-reactive-messaging-kafka-3.13.0.jar:/home/dmills/.m2/repository/io/smallrye/reactive/smallrye-reactive-messaging-kafka-api/3.13.0/smallrye-reactive-messaging-kafka-api-3.13.0.jar:/home/dmills/.m2/repository/io/opentelemetry/opentelemetry-api/1.9.1/opentelemetry-api-1.9.1.jar:/home/dmills/.m2/repository/io/opentelemetry/opentelemetry-context/1.9.1/opentelemetry-context-1.9.1.jar:/home/dmills/.m2/repository/io/opentelemetry/opentelemetry-semconv/1.9.0-alpha/opentelemetry-semconv-1.9.0-alpha.jar:/home/dmills/.m2/repository/org/apache/kafka/kafka-clients/3.1.0/kafka-clients-3.1.0.jar:/home/dmills/.m2/repository/com/github/luben/zstd-jni/1.5.0-4/zstd-jni-1.5.0-4.jar:/home/dmills/.m2/repository/org/lz4/lz4-java/1.8.0/lz4-java-1.8.0.jar:/home/dmills/.m2/repository/org/xerial/snappy/snappy-java/1.1.8.4/snappy-java-1.1.8.4.jar:/home/dmills/.m2/repository/io/vertx/vertx-kafka-client/4.2.5/vertx-kafka-client-4.2.5.jar:/home/dmills/.m2/repository/io/quarkus/quarkus-smallrye-reactive-messaging/2.7.3.Final/quarkus-smallrye-reactive-messaging-2.7.3.Final.jar:/home/dmills/.m2/repository/io/quarkus/quarkus-mutiny-reactive-streams-operators/2.7.3.Final/quarkus-mutiny-reactive-streams-operators-2.7.3.Final.jar:/home/dmills/.m2/repository/org/eclipse/microprofile/reactive-streams-operators/microprofile-reactive-streams-operators-api/1.0.1/microprofile-reactive-streams-operators-api-1.0.1.jar:/home/dmills/.m2/repository/org/eclipse/microprofile/reactive-streams-operators/microprofile-reactive-streams-operators-core/1.0.1/microprofile-reactive-streams-operators-core-1.0.1.jar:/home/dmills/.m2/repository/io/smallrye/reactive/mutiny-reactive-streams-operators/1.3.1/mutiny-reactive-streams-operators-1.3.1.jar:/home/dmills/.m2/repository/io/quarkus/quarkus-smallrye-reactive-messaging-kotlin/2.7.3.Final/quarkus-smallrye-reactive-messaging-kotlin-2.7.3.Final.jar:/home/dmills/.m2/repository/io/smallrye/reactive/smallrye-reactive-messaging-health/3.13.0/smallrye-reactive-messaging-health-3.13.0.jar:/home/dmills/.m2/repository/org/eclipse/microprofile/health/microprofile-health-api/3.1/microprofile-health-api-3.1.jar:/home/dmills/.m2/repository/io/smallrye/reactive/smallrye-reactive-messaging-provider/3.13.0/smallrye-reactive-messaging-provider-3.13.0.jar:/home/dmills/.m2/repository/io/smallrye/reactive/smallrye-reactive-messaging-api/3.13.0/smallrye-reactive-messaging-api-3.13.0.jar:/home/dmills/.m2/repository/io/quarkus/quarkus-infinispan-client/2.7.3.Final/quarkus-infinispan-client-2.7.3.Final.jar:/home/dmills/.m2/repository/io/quarkus/quarkus-netty/2.7.3.Final/quarkus-netty-2.7.3.Final.jar:/home/dmills/.m2/repository/io/netty/netty-codec/4.1.74.Final/netty-codec-4.1.74.Final.jar:/home/dmills/.m2/repository/io/quarkus/quarkus-elytron-security-common/2.7.3.Final/quarkus-elytron-security-common-2.7.3.Final.jar:/home/dmills/.m2/repository/org/wildfly/security/wildfly-elytron-credential/1.18.3.Final/wildfly-elytron-credential-1.18.3.Final.jar:/home/dmills/.m2/repository/org/wildfly/security/wildfly-elytron-asn1/1.18.3.Final/wildfly-elytron-asn1-1.18.3.Final.jar:/home/dmills/.m2/repository/org/wildfly/security/wildfly-elytron-keystore/1.18.3.Final/wildfly-elytron-keystore-1.18.3.Final.jar:/home/dmills/.m2/repository/org/wildfly/security/wildfly-elytron-x500-cert/1.18.3.Final/wildfly-elytron-x500-cert-1.18.3.Final.jar:/home/dmills/.m2/repository/org/wildfly/security/wildfly-elytron-x500-cert-util/1.18.3.Final/wildfly-elytron-x500-cert-util-1.18.3.Final.jar:/home/dmills/.m2/repository/org/apache/sshd/sshd-common/2.7.0/sshd-common-2.7.0.jar:/home/dmills/.m2/repository/org/wildfly/security/wildfly-elytron-provider-util/1.18.3.Final/wildfly-elytron-provider-util-1.18.3.Final.jar:/home/dmills/.m2/repository/org/wildfly/security/wildfly-elytron-x500/1.18.3.Final/wildfly-elytron-x500-1.18.3.Final.jar:/home/dmills/.m2/repository/org/wildfly/security/wildfly-elytron-password-impl/1.18.3.Final/wildfly-elytron-password-impl-1.18.3.Final.jar:/home/dmills/.m2/repository/org/wildfly/security/wildfly-elytron-sasl-plain/1.18.3.Final/wildfly-elytron-sasl-plain-1.18.3.Final.jar:/home/dmills/.m2/repository/org/wildfly/security/wildfly-elytron-auth-server/1.18.3.Final/wildfly-elytron-auth-server-1.18.3.Final.jar:/home/dmills/.m2/repository/org/wildfly/security/wildfly-elytron-auth/1.18.3.Final/wildfly-elytron-auth-1.18.3.Final.jar:/home/dmills/.m2/repository/org/wildfly/security/wildfly-elytron-base/1.18.3.Final/wildfly-elytron-base-1.18.3.Final.jar:/home/dmills/.m2/repository/org/wildfly/security/wildfly-elytron-permission/1.18.3.Final/wildfly-elytron-permission-1.18.3.Final.jar:/home/dmills/.m2/repository/org/wildfly/security/wildfly-elytron-sasl/1.18.3.Final/wildfly-elytron-sasl-1.18.3.Final.jar:/home/dmills/.m2/repository/org/wildfly/security/wildfly-elytron-ssl/1.18.3.Final/wildfly-elytron-ssl-1.18.3.Final.jar:/home/dmills/.m2/repository/org/wildfly/security/wildfly-elytron-mechanism/1.18.3.Final/wildfly-elytron-mechanism-1.18.3.Final.jar:/home/dmills/.m2/repository/org/wildfly/security/wildfly-elytron-http/1.18.3.Final/wildfly-elytron-http-1.18.3.Final.jar:/home/dmills/.m2/repository/org/wildfly/security/wildfly-elytron-sasl-digest/1.18.3.Final/wildfly-elytron-sasl-digest-1.18.3.Final.jar:/home/dmills/.m2/repository/org/wildfly/security/wildfly-elytron-mechanism-digest/1.18.3.Final/wildfly-elytron-mechanism-digest-1.18.3.Final.jar:/home/dmills/.m2/repository/org/wildfly/security/wildfly-elytron-util/1.18.3.Final/wildfly-elytron-util-1.18.3.Final.jar:/home/dmills/.m2/repository/org/wildfly/security/wildfly-elytron-sasl-external/1.18.3.Final/wildfly-elytron-sasl-external-1.18.3.Final.jar:/home/dmills/.m2/repository/org/wildfly/security/wildfly-elytron-sasl-oauth2/1.18.3.Final/wildfly-elytron-sasl-oauth2-1.18.3.Final.jar:/home/dmills/.m2/repository/org/wildfly/security/wildfly-elytron-mechanism-oauth2/1.18.3.Final/wildfly-elytron-mechanism-oauth2-1.18.3.Final.jar:/home/dmills/.m2/repository/org/wildfly/security/wildfly-elytron-sasl-scram/1.18.3.Final/wildfly-elytron-sasl-scram-1.18.3.Final.jar:/home/dmills/.m2/repository/org/wildfly/security/wildfly-elytron-mechanism-scram/1.18.3.Final/wildfly-elytron-mechanism-scram-1.18.3.Final.jar:/home/dmills/.m2/repository/org/infinispan/infinispan-client-hotrod/13.0.5.Final/infinispan-client-hotrod-13.0.5.Final.jar:/home/dmills/.m2/repository/org/infinispan/infinispan-commons/13.0.5.Final/infinispan-commons-13.0.5.Final.jar:/home/dmills/.m2/repository/org/wildfly/security/wildfly-elytron-sasl-gs2/1.18.3.Final/wildfly-elytron-sasl-gs2-1.18.3.Final.jar:/home/dmills/.m2/repository/org/wildfly/security/wildfly-elytron-mechanism-gssapi/1.18.3.Final/wildfly-elytron-mechanism-gssapi-1.18.3.Final.jar:/home/dmills/.m2/repository/org/wildfly/security/wildfly-elytron-security-manager-action/1.18.3.Final/wildfly-elytron-security-manager-action-1.18.3.Final.jar:/home/dmills/.m2/repository/org/wildfly/security/wildfly-elytron-sasl-gssapi/1.18.3.Final/wildfly-elytron-sasl-gssapi-1.18.3.Final.jar:/home/dmills/.m2/repository/io/reactivex/rxjava3/rxjava/3.0.4/rxjava-3.0.4.jar:/home/dmills/.m2/repository/io/netty/netty-transport-native-epoll/4.1.74.Final/netty-transport-native-epoll-4.1.74.Final-linux-x86_64.jar:/home/dmills/.m2/repository/io/netty/netty-transport-native-unix-common/4.1.74.Final/netty-transport-native-unix-common-4.1.74.Final.jar:/home/dmills/.m2/repository/io/netty/netty-transport-classes-epoll/4.1.74.Final/netty-transport-classes-epoll-4.1.74.Final.jar:/home/dmills/.m2/repository/org/eclipse/microprofile/metrics/microprofile-metrics-api/3.0.1/microprofile-metrics-api-3.0.1.jar:/home/dmills/.m2/repository/org/infinispan/infinispan-remote-query-client/13.0.5.Final/infinispan-remote-query-client-13.0.5.Final.jar:/home/dmills/.m2/repository/org/infinispan/protostream/protostream/4.4.1.Final/protostream-4.4.1.Final.jar:/home/dmills/.m2/repository/org/infinispan/infinispan-query-dsl/13.0.5.Final/infinispan-query-dsl-13.0.5.Final.jar:/home/dmills/.m2/repository/org/infinispan/protostream/protostream-processor/4.4.1.Final/protostream-processor-4.4.1.Final.jar:/home/dmills/.m2/repository/org/infinispan/protostream/protostream-types/4.4.1.Final/protostream-types-4.4.1.Final.jar:/home/dmills/.m2/repository/io/quarkus/quarkus-container-image-docker/2.7.3.Final/quarkus-container-image-docker-2.7.3.Final.jar:/home/dmills/.m2/repository/io/quarkus/quarkus-container-image/2.7.3.Final/quarkus-container-image-2.7.3.Final.jar:/home/dmills/.m2/repository/io/quarkus/quarkus-oidc/2.7.3.Final/quarkus-oidc-2.7.3.Final.jar:/home/dmills/.m2/repository/io/quarkus/quarkus-security/2.7.3.Final/quarkus-security-2.7.3.Final.jar:/home/dmills/.m2/repository/io/quarkus/quarkus-oidc-common/2.7.3.Final/quarkus-oidc-common-2.7.3.Final.jar:/home/dmills/.m2/repository/io/smallrye/reactive/smallrye-mutiny-vertx-web-client/2.18.1/smallrye-mutiny-vertx-web-client-2.18.1.jar:/home/dmills/.m2/repository/io/vertx/vertx-web-client/4.2.5/vertx-web-client-4.2.5.jar:/home/dmills/.m2/repository/io/quarkus/quarkus-smallrye-jwt-build/2.7.3.Final/quarkus-smallrye-jwt-build-2.7.3.Final.jar:/home/dmills/.m2/repository/io/smallrye/smallrye-jwt-build/3.3.3/smallrye-jwt-build-3.3.3.jar:/home/dmills/.m2/repository/io/smallrye/smallrye-jwt/3.3.3/smallrye-jwt-3.3.3.jar:/home/dmills/.m2/repository/org/eclipse/microprofile/jwt/microprofile-jwt-auth-api/1.2/microprofile-jwt-auth-api-1.2.jar:/home/dmills/.m2/repository/org/bitbucket/b_c/jose4j/0.7.9/jose4j-0.7.9.jar:/home/dmills/.m2/repository/io/smallrye/smallrye-jwt-common/3.3.3/smallrye-jwt-common-3.3.3.jar:/home/dmills/.m2/repository/org/apache/maven/shared/maven-shared-utils/3.3.4/maven-shared-utils-3.3.4.jar:/home/dmills/.m2/repository/com/querydsl/querydsl-jpa/4.4.0/querydsl-jpa-4.4.0.jar:/home/dmills/.m2/repository/com/querydsl/querydsl-core/4.4.0/querydsl-core-4.4.0.jar:/home/dmills/.m2/repository/com/mysema/commons/mysema-commons-lang/0.2.4/mysema-commons-lang-0.2.4.jar:/home/dmills/.m2/repository/com/infradna/tool/bridge-method-annotation/1.13/bridge-method-annotation-1.13.jar:/home/dmills/.m2/repository/javax/inject/javax.inject/1/javax.inject-1.jar:/home/dmills/.m2/repository/org/apache/commons/commons-text/1.8/commons-text-1.8.jar:/home/dmills/.m2/repository/org/apache/commons/commons-lang3/3.12.0/commons-lang3-3.12.0.jar:/home/dmills/.m2/repository/org/zalando/jackson-datatype-money/1.0.0/jackson-datatype-money-1.0.0.jar:/home/dmills/.m2/repository/com/fasterxml/jackson/core/jackson-databind/2.13.1/jackson-databind-2.13.1.jar:/home/dmills/.m2/repository/javax/money/money-api/1.0.1/money-api-1.0.1.jar:/home/dmills/.m2/repository/org/javamoney/moneta/1.1/moneta-1.1.jar:/home/dmills/.m2/repository/javax/annotation/javax.annotation-api/1.2/javax.annotation-api-1.2.jar:/home/dmills/.m2/repository/io/jsonwebtoken/jjwt-api/0.10.7/jjwt-api-0.10.7.jar:/home/dmills/.m2/repository/io/jsonwebtoken/jjwt-impl/0.10.7/jjwt-impl-0.10.7.jar:/home/dmills/.m2/repository/io/jsonwebtoken/jjwt-jackson/0.10.7/jjwt-jackson-0.10.7.jar:/home/dmills/.m2/repository/io/quarkus/quarkus-keycloak-authorization/2.7.3.Final/quarkus-keycloak-authorization-2.7.3.Final.jar:/home/dmills/.m2/repository/org/keycloak/keycloak-adapter-core/16.1.0/keycloak-adapter-core-16.1.0.jar:/home/dmills/.m2/repository/org/keycloak/keycloak-core/16.1.0/keycloak-core-16.1.0.jar:/home/dmills/.m2/repository/org/keycloak/keycloak-common/16.1.0/keycloak-common-16.1.0.jar:/home/dmills/.m2/repository/org/bouncycastle/bcprov-jdk15on/1.70/bcprov-jdk15on-1.70.jar:/home/dmills/.m2/repository/org/bouncycastle/bcpkix-jdk15on/1.70/bcpkix-jdk15on-1.70.jar:/home/dmills/.m2/repository/org/bouncycastle/bcutil-jdk15on/1.70/bcutil-jdk15on-1.70.jar:/home/dmills/.m2/repository/org/keycloak/keycloak-adapter-spi/16.1.0/keycloak-adapter-spi-16.1.0.jar:/home/dmills/.m2/repository/org/keycloak/keycloak-authz-client/16.1.0/keycloak-authz-client-16.1.0.jar:"/>
    <property name="sun.cpu.endian" value="little"/>
    <property name="user.home" value="/home/dmills"/>
    <property name="user.language" value="en"/>
    <property name="java.specification.vendor" value="Oracle Corporation"/>
    <property name="java.version.date" value="2021-10-19"/>
    <property name="java.home" value="/home/dmills/.sdkman/candidates/java/21.3.0.r11-grl"/>
    <property name="file.separator" value="/"/>
    <property name="basedir" value="/home/dmills/Work/testing/javaprotos/javaprotogen"/>
    <property name="java.vm.compressedOopsMode" value="Zero based"/>
    <property name="line.separator" value="&#10;"/>
    <property name="jdk.internal.vm.ci.enabled" value="true"/>
    <property name="java.specification.name" value="Java Platform API Specification"/>
    <property name="java.vm.specification.vendor" value="Oracle Corporation"/>
    <property name="java.awt.graphicsenv" value="sun.awt.X11GraphicsEnvironment"/>
    <property name="surefire.real.class.path" value="/home/dmills/Work/testing/javaprotos/javaprotogen/target/surefire/surefirebooter1215375118728971079.jar"/>
    <property name="sun.management.compiler" value="HotSpot 64-Bit Tiered Compilers"/>
    <property name="java.runtime.version" value="11.0.13+7-jvmci-21.3-b05"/>
    <property name="user.name" value="dmills"/>
    <property name="path.separator" value=":"/>
    <property name="os.version" value="5.16.12-200.fc35.x86_64"/>
    <property name="java.runtime.name" value="OpenJDK Runtime Environment"/>
    <property name="file.encoding" value="UTF-8"/>
    <property name="java.vm.name" value="OpenJDK 64-Bit Server VM"/>
    <property name="java.vendor.version" value="GraalVM CE 21.3.0"/>
    <property name="localRepository" value="/home/dmills/.m2/repository"/>
    <property name="java.vendor.url.bug" value="https://github.com/oracle/graal/issues"/>
    <property name="java.io.tmpdir" value="/tmp"/>
    <property name="java.version" value="11.0.13"/>
    <property name="user.dir" value="/home/dmills/Work/testing/javaprotos/javaprotogen"/>
    <property name="os.arch" value="amd64"/>
    <property name="java.vm.specification.name" value="Java Virtual Machine Specification"/>
    <property name="java.awt.printerjob" value="sun.print.PSPrinterJob"/>
    <property name="sun.os.patch.level" value="unknown"/>
    <property name="java.library.path" value="/usr/java/packages/lib:/usr/lib64:/lib64:/lib:/usr/lib"/>
    <property name="java.vm.info" value="mixed mode, sharing"/>
    <property name="java.vendor" value="GraalVM Community"/>
    <property name="java.vm.version" value="11.0.13+7-jvmci-21.3-b05"/>
    <property name="sun.io.unicode.encoding" value="UnicodeLittle"/>
    <property name="java.class.version" value="55.0"/>
  </properties>
  <testcase name="shouldAnswerWithTrue" classname="au.com.thewindmills.javaprotogen.AppTest" time="0.001"/>
</testsuite>